<?xml version="1.0" encoding="UTF-8"?>
<!-- Generated by org.testng.reporters.JUnitReportReporter -->
<testsuite hostname="36764999f9a8" name="com.docker.testCases.TC_GoogleHomeTest" tests="1" failures="0" timestamp="19 Apr 2022 17:33:05 GMT" time="3.358" errors="0">
  <testcase name="homeTest" time="3.358" classname="com.docker.testCases.TC_GoogleHomeTest"/>
</testsuite> <!-- com.docker.testCases.TC_GoogleHomeTest -->
