<?xml version="1.0" encoding="UTF-8"?>
<!-- Generated by org.testng.reporters.JUnitReportReporter -->
<testsuite hostname="36764999f9a8" name="com.docker.testCases.TC_GoogleSearchTest" tests="1" failures="0" timestamp="19 Apr 2022 17:33:05 GMT" time="12.888" errors="0">
  <testcase name="searchTest" time="12.888" classname="com.docker.testCases.TC_GoogleSearchTest"/>
</testsuite> <!-- com.docker.testCases.TC_GoogleSearchTest -->
