<?xml version="1.0" encoding="UTF-8"?>
<!-- Generated by org.testng.reporters.JUnitReportReporter -->
<testsuite hostname="Srinivas" name="com.docker.testCases.TC_GoogleHomeTest" tests="1" failures="0" timestamp="19 Apr 2022 17:21:54 GMT" time="3.469" errors="0">
  <testcase name="homeTest" time="3.469" classname="com.docker.testCases.TC_GoogleHomeTest"/>
</testsuite> <!-- com.docker.testCases.TC_GoogleHomeTest -->
