<?xml version="1.0" encoding="UTF-8"?>
<!-- Generated by org.testng.reporters.JUnitReportReporter -->
<testsuite hostname="Srinivas" name="com.docker.testCases.TC_GoogleSearchTest" tests="1" failures="0" timestamp="19 Apr 2022 17:21:54 GMT" time="4.403" errors="0">
  <testcase name="searchTest" time="4.403" classname="com.docker.testCases.TC_GoogleSearchTest"/>
</testsuite> <!-- com.docker.testCases.TC_GoogleSearchTest -->
